2026-04-07 00:57:29 | INFO | apt_detection | Application initialized. DB=C:\Users\hungh\OneDrive\Máy tính\APT_Detection\data\alerts.db, queue_size=5000
2026-04-07 00:58:20 | INFO | apt_detection | Application initialized. DB=C:\Users\hungh\OneDrive\Máy tính\APT_Detection\data\alerts.db, queue_size=5000
2026-04-07 00:58:58 | INFO | apt_detection | Application initialized. DB=C:\Users\hungh\OneDrive\Máy tính\APT_Detection\data\alerts.db, queue_size=5000
2026-04-07 00:59:03 | INFO | apt_detection | Socket client connected.
2026-04-07 00:59:03 | INFO | apt_detection.runtime | Worker thread started.
2026-04-07 00:59:03 | INFO | apt_detection.runtime.capture | Capture loop started.
2026-04-07 00:59:03 | INFO | apt_detection.runtime | Capture thread started.
2026-04-07 00:59:14 | INFO | apt_detection | Socket client connected.
2026-04-07 01:00:03 | INFO | apt_detection | Socket client disconnected.
2026-04-07 01:02:09 | INFO | apt_detection | Socket client connected.
2026-04-07 01:02:29 | INFO | apt_detection | Socket client disconnected.
2026-04-07 05:31:32 | INFO | apt_detection | Application initialized. DB=C:\Users\hungh\OneDrive\Máy tính\APT_Detection\data\alerts.db, queue_size=5000
2026-04-07 05:32:34 | INFO | apt_detection | Application initialized. DB=C:\Users\hungh\OneDrive\Máy tính\APT_Detection\data\alerts.db, queue_size=5000
2026-04-07 05:32:43 | INFO | apt_detection | Socket client connected.
2026-04-07 05:32:43 | INFO | apt_detection.runtime | Worker thread started.
2026-04-07 05:32:43 | INFO | apt_detection.runtime.capture | Capture loop started.
2026-04-07 05:32:43 | INFO | apt_detection.runtime | Capture thread started.
2026-04-07 05:34:05 | INFO | apt_detection | Socket client connected.
2026-04-07 05:34:19 | INFO | apt_detection | Socket client disconnected.
2026-04-07 05:54:00 | INFO | apt_detection | Application initialized. DB=C:\Users\hungh\OneDrive\Máy tính\APT_Detection\data\alerts.db, queue_size=5000
2026-04-07 05:54:00 | INFO | apt_detection.runtime | Worker thread started.
2026-04-07 05:54:00 | INFO | apt_detection.runtime.capture | Capture loop started.
2026-04-07 05:54:00 | INFO | apt_detection.runtime | Capture session 1 started.
2026-04-07 05:54:01 | INFO | apt_detection.runtime.capture | Capture loop stopping, flushing active flows.
2026-04-07 05:54:01 | INFO | apt_detection.runtime | Capture session 1 stopped.
2026-04-07 05:54:35 | INFO | apt_detection | Application initialized. DB=C:\Users\hungh\OneDrive\Máy tính\APT_Detection\data\alerts.db, queue_size=5000
2026-04-07 05:55:06 | INFO | apt_detection | Application initialized. DB=C:\Users\hungh\OneDrive\Máy tính\APT_Detection\data\alerts.db, queue_size=5000
2026-04-07 05:55:06 | INFO | apt_detection | Socket client connected.
2026-04-07 05:55:06 | INFO | apt_detection.runtime | Worker thread started.
2026-04-07 05:55:11 | INFO | apt_detection | Socket client connected.
2026-04-07 05:56:06 | INFO | apt_detection | Socket client disconnected.
2026-04-07 05:57:58 | INFO | apt_detection | Application initialized. DB=C:\Users\hungh\OneDrive\Máy tính\APT_Detection\data\alerts.db, queue_size=5000
2026-04-07 05:57:58 | INFO | apt_detection | Socket client connected.
2026-04-07 05:57:58 | INFO | apt_detection.runtime | Worker thread started.
2026-04-07 05:57:58 | INFO | apt_detection.runtime.capture | Capture loop started.
2026-04-07 05:57:58 | INFO | apt_detection.runtime | Capture thread started.
2026-04-07 05:58:02 | INFO | apt_detection | Socket client connected.
2026-04-07 05:58:57 | INFO | apt_detection | Socket client disconnected.
2026-04-07 06:04:52 | INFO | apt_detection | Application initialized. DB=C:\Users\hungh\OneDrive\Máy tính\APT_Detection\data\alerts.db, queue_size=5000, reset_on_start=True
2026-04-07 06:05:31 | INFO | apt_detection | Application initialized. DB=C:\Users\hungh\OneDrive\Máy tính\APT_Detection\data\alerts.db, queue_size=5000, reset_on_start=True
2026-04-07 06:05:37 | INFO | apt_detection | Socket client connected.
2026-04-07 06:05:37 | INFO | apt_detection.runtime | Worker thread started.
2026-04-07 06:05:37 | INFO | apt_detection.runtime.capture | Capture loop started.
2026-04-07 06:05:37 | INFO | apt_detection.runtime | Capture thread started.
2026-04-07 06:05:51 | INFO | apt_detection | Socket client connected.
2026-04-07 06:06:37 | INFO | apt_detection | Socket client disconnected.
2026-04-07 06:17:38 | INFO | apt_detection | Application initialized. DB=C:\Users\hungh\OneDrive\Máy tính\APT_Detection\data\alerts.db, queue_size=5000, reset_on_start=True
2026-04-07 06:18:02 | INFO | apt_detection | Application initialized. DB=C:\Users\hungh\OneDrive\Máy tính\APT_Detection\data\alerts.db, queue_size=5000, reset_on_start=True
2026-04-07 06:18:05 | INFO | apt_detection | Socket client connected.
2026-04-07 06:18:05 | INFO | apt_detection.runtime | Worker thread started.
2026-04-07 06:18:05 | INFO | apt_detection.runtime.capture | Capture loop started.
2026-04-07 06:18:05 | INFO | apt_detection.runtime | Capture thread started.
2026-04-07 06:18:50 | INFO | apt_detection | Application initialized. DB=C:\Users\hungh\OneDrive\Máy tính\APT_Detection\data\alerts.db, queue_size=5000, reset_on_start=True
2026-04-07 06:21:04 | INFO | apt_detection | Application initialized. DB=C:\Users\hungh\OneDrive\Máy tính\APT_Detection\data\alerts.db, queue_size=5000, reset_on_start=True
2026-04-07 06:21:25 | INFO | apt_detection | Application initialized. DB=C:\Users\hungh\OneDrive\Máy tính\APT_Detection\data\alerts.db, queue_size=5000, reset_on_start=True
2026-04-07 06:23:10 | INFO | apt_detection | Application initialized. DB=C:\Users\hungh\OneDrive\Máy tính\APT_Detection\data\alerts.db, queue_size=5000, reset_on_start=True
2026-04-07 06:24:37 | INFO | apt_detection | Application initialized. DB=C:\Users\hungh\OneDrive\Máy tính\APT_Detection\data\alerts.db, queue_size=5000, reset_on_start=True
2026-04-07 06:27:15 | INFO | apt_detection | Application initialized. DB=C:\Users\hungh\OneDrive\Máy tính\APT_Detection\data\alerts.db, queue_size=5000, reset_on_start=True
2026-04-07 06:27:18 | INFO | apt_detection | Socket client connected.
2026-04-07 06:27:18 | INFO | apt_detection.runtime | Worker thread started.
2026-04-07 06:27:18 | INFO | apt_detection.runtime.capture | Capture loop started.
2026-04-07 06:27:18 | INFO | apt_detection.runtime | Capture thread started.
2026-04-07 06:30:23 | INFO | apt_detection | Application initialized. DB=C:\Users\hungh\OneDrive\Máy tính\APT_Detection\data\alerts.db, queue_size=5000, reset_on_start=True
2026-04-07 06:30:23 | INFO | apt_detection.runtime | Worker thread started.
2026-04-07 06:30:23 | INFO | apt_detection.runtime.capture | Capture loop started.
2026-04-07 06:30:23 | INFO | apt_detection.runtime | Capture thread started.
2026-04-07 06:30:49 | INFO | apt_detection | Application initialized. DB=C:\Users\hungh\OneDrive\Máy tính\APT_Detection\data\alerts.db, queue_size=5000, reset_on_start=True
2026-04-07 06:30:52 | INFO | apt_detection | Socket client connected.
2026-04-07 06:30:52 | INFO | apt_detection.runtime | Worker thread started.
2026-04-07 06:30:52 | INFO | apt_detection.runtime.capture | Capture loop started.
2026-04-07 06:30:52 | INFO | apt_detection.runtime | Capture thread started.
2026-04-07 06:30:56 | INFO | apt_detection | Socket client connected.
2026-04-07 06:31:37 | INFO | apt_detection | Socket client disconnected.
2026-04-07 06:34:23 | INFO | apt_detection | Application initialized. DB=C:\Users\hungh\OneDrive\Máy tính\APT_Detection\data\alerts.db, queue_size=5000, reset_on_start=True
2026-04-07 06:34:23 | INFO | apt_detection.runtime | Worker thread started.
2026-04-07 06:34:23 | INFO | apt_detection.runtime.capture | Capture loop started.
2026-04-07 06:34:23 | INFO | apt_detection.runtime | Capture thread started.
2026-04-09 17:50:13 | INFO | apt_detection | Application initialized. DB=C:\Users\hungh\OneDrive\Máy tính\APT_Detection\data\alerts.db, queue_size=5000, reset_on_start=True
2026-04-09 17:51:03 | INFO | apt_detection.runtime | Worker thread started.
2026-04-09 17:51:03 | INFO | apt_detection.runtime.capture | Capture loop started.
2026-04-09 17:51:03 | INFO | apt_detection.runtime | Capture thread started.
2026-04-09 17:51:05 | INFO | apt_detection | Socket client connected.
2026-04-09 20:52:14 | INFO | apt_detection | Application initialized. DB=C:\Users\hungh\OneDrive\Máy tính\APT_Detection\data\alerts.db, queue_size=5000, reset_on_start=True
2026-04-09 20:52:30 | INFO | apt_detection.runtime | Worker thread started.
2026-04-09 20:52:30 | INFO | apt_detection.runtime.capture | Capture loop started.
2026-04-09 20:52:30 | INFO | apt_detection.runtime | Capture thread started.
2026-04-09 20:52:32 | INFO | apt_detection | Socket client connected.
2026-04-09 20:54:06 | INFO | apt_detection | Socket client disconnected.
